{"/Users/vaan/Documents/HackReactor_Dan/BOC/Login-Server/server/app.js": {"path":"/Users/vaan/Documents/HackReactor_Dan/BOC/Login-Server/server/app.js","statementMap":{"0":{"start":{"line":1,"column":0},"end":{"line":1,"column":27}},"1":{"start":{"line":2,"column":16},"end":{"line":2,"column":34}},"2":{"start":{"line":3,"column":16},"end":{"line":3,"column":42}},"3":{"start":{"line":4,"column":18},"end":{"line":4,"column":55}},"4":{"start":{"line":6,"column":136},"end":{"line":6,"column":168}},"5":{"start":{"line":7,"column":15},"end":{"line":7,"column":46}},"6":{"start":{"line":16,"column":12},"end":{"line":16,"column":21}},"7":{"start":{"line":17,"column":0},"end":{"line":17,"column":24}},"8":{"start":{"line":18,"column":0},"end":{"line":18,"column":48}},"9":{"start":{"line":24,"column":0},"end":{"line":33,"column":4}},"10":{"start":{"line":35,"column":0},"end":{"line":35,"column":31}},"11":{"start":{"line":36,"column":0},"end":{"line":36,"column":32}},"12":{"start":{"line":37,"column":0},"end":{"line":37,"column":28}},"13":{"start":{"line":38,"column":0},"end":{"line":38,"column":29}},"14":{"start":{"line":39,"column":0},"end":{"line":39,"column":41}},"15":{"start":{"line":40,"column":0},"end":{"line":40,"column":44}},"16":{"start":{"line":42,"column":0},"end":{"line":42,"column":34}},"17":{"start":{"line":43,"column":0},"end":{"line":43,"column":44}},"18":{"start":{"line":45,"column":0},"end":{"line":45,"column":30}},"19":{"start":{"line":46,"column":0},"end":{"line":46,"column":35}},"20":{"start":{"line":50,"column":0},"end":{"line":50,"column":21}}},"fnMap":{},"branchMap":{},"s":{"0":0,"1":0,"2":0,"3":0,"4":0,"5":0,"6":0,"7":0,"8":0,"9":0,"10":0,"11":0,"12":0,"13":0,"14":0,"15":0,"16":0,"17":0,"18":0,"19":0,"20":0},"f":{},"b":{}}
,"/Users/vaan/Documents/HackReactor_Dan/BOC/Login-Server/server/controller/index.js": {"path":"/Users/vaan/Documents/HackReactor_Dan/BOC/Login-Server/server/controller/index.js","statementMap":{"0":{"start":{"line":1,"column":76},"end":{"line":1,"column":95}},"1":{"start":{"line":4,"column":18},"end":{"line":7,"column":1}},"2":{"start":{"line":6,"column":2},"end":{"line":6,"column":40}},"3":{"start":{"line":9,"column":19},"end":{"line":47,"column":1}},"4":{"start":{"line":27,"column":2},"end":{"line":29,"column":3}},"5":{"start":{"line":28,"column":4},"end":{"line":28,"column":81}},"6":{"start":{"line":30,"column":21},"end":{"line":30,"column":29}},"7":{"start":{"line":32,"column":2},"end":{"line":46,"column":3}},"8":{"start":{"line":33,"column":19},"end":{"line":33,"column":44}},"9":{"start":{"line":34,"column":4},"end":{"line":43,"column":5}},"10":{"start":{"line":36,"column":19},"end":{"line":36,"column":45}},"11":{"start":{"line":39,"column":5},"end":{"line":39,"column":58}},"12":{"start":{"line":42,"column":5},"end":{"line":42,"column":137}},"13":{"start":{"line":45,"column":4},"end":{"line":45,"column":37}},"14":{"start":{"line":49,"column":17},"end":{"line":58,"column":1}},"15":{"start":{"line":50,"column":2},"end":{"line":56,"column":3}},"16":{"start":{"line":51,"column":4},"end":{"line":51,"column":51}},"17":{"start":{"line":54,"column":4},"end":{"line":54,"column":40}},"18":{"start":{"line":60,"column":18},"end":{"line":102,"column":1}},"19":{"start":{"line":63,"column":2},"end":{"line":101,"column":3}},"20":{"start":{"line":65,"column":4},"end":{"line":98,"column":5}},"21":{"start":{"line":66,"column":6},"end":{"line":66,"column":81}},"22":{"start":{"line":68,"column":33},"end":{"line":68,"column":41}},"23":{"start":{"line":69,"column":21},"end":{"line":69,"column":46}},"24":{"start":{"line":70,"column":6},"end":{"line":97,"column":7}},"25":{"start":{"line":72,"column":8},"end":{"line":72,"column":54}},"26":{"start":{"line":75,"column":19},"end":{"line":75,"column":32}},"27":{"start":{"line":76,"column":29},"end":{"line":76,"column":46}},"28":{"start":{"line":77,"column":8},"end":{"line":96,"column":9}},"29":{"start":{"line":79,"column":23},"end":{"line":79,"column":34}},"30":{"start":{"line":80,"column":10},"end":{"line":80,"column":38}},"31":{"start":{"line":82,"column":10},"end":{"line":90,"column":13}},"32":{"start":{"line":83,"column":12},"end":{"line":89,"column":15}},"33":{"start":{"line":84,"column":14},"end":{"line":88,"column":15}},"34":{"start":{"line":85,"column":16},"end":{"line":85,"column":28}},"35":{"start":{"line":87,"column":16},"end":{"line":87,"column":78}},"36":{"start":{"line":92,"column":10},"end":{"line":92,"column":63}},"37":{"start":{"line":95,"column":10},"end":{"line":95,"column":65}},"38":{"start":{"line":100,"column":4},"end":{"line":100,"column":48}},"39":{"start":{"line":107,"column":21},"end":{"line":110,"column":1}},"40":{"start":{"line":108,"column":2},"end":{"line":108,"column":49}},"41":{"start":{"line":114,"column":23},"end":{"line":143,"column":1}},"42":{"start":{"line":117,"column":2},"end":{"line":120,"column":3}},"43":{"start":{"line":118,"column":4},"end":{"line":118,"column":94}},"44":{"start":{"line":119,"column":4},"end":{"line":119,"column":11}},"45":{"start":{"line":121,"column":17},"end":{"line":121,"column":61}},"46":{"start":{"line":122,"column":2},"end":{"line":142,"column":3}},"47":{"start":{"line":124,"column":4},"end":{"line":124,"column":50}},"48":{"start":{"line":127,"column":4},"end":{"line":139,"column":4}},"49":{"start":{"line":129,"column":6},"end":{"line":132,"column":7}},"50":{"start":{"line":130,"column":8},"end":{"line":130,"column":77}},"51":{"start":{"line":131,"column":8},"end":{"line":131,"column":15}},"52":{"start":{"line":133,"column":6},"end":{"line":133,"column":62}},"53":{"start":{"line":134,"column":6},"end":{"line":134,"column":46}},"54":{"start":{"line":135,"column":6},"end":{"line":135,"column":62}},"55":{"start":{"line":138,"column":6},"end":{"line":138,"column":50}},"56":{"start":{"line":147,"column":20},"end":{"line":149,"column":1}},"57":{"start":{"line":148,"column":2},"end":{"line":148,"column":33}},"58":{"start":{"line":152,"column":23},"end":{"line":171,"column":1}},"59":{"start":{"line":158,"column":2},"end":{"line":160,"column":3}},"60":{"start":{"line":159,"column":4},"end":{"line":159,"column":66}},"61":{"start":{"line":162,"column":15},"end":{"line":162,"column":53}},"62":{"start":{"line":163,"column":13},"end":{"line":163,"column":44}},"63":{"start":{"line":164,"column":2},"end":{"line":170,"column":3}},"64":{"start":{"line":166,"column":4},"end":{"line":166,"column":55}},"65":{"start":{"line":167,"column":4},"end":{"line":167,"column":45}},"66":{"start":{"line":169,"column":4},"end":{"line":169,"column":61}},"67":{"start":{"line":173,"column":18},"end":{"line":180,"column":1}},"68":{"start":{"line":174,"column":24},"end":{"line":174,"column":35}},"69":{"start":{"line":175,"column":2},"end":{"line":175,"column":24}},"70":{"start":{"line":176,"column":2},"end":{"line":176,"column":33}},"71":{"start":{"line":177,"column":2},"end":{"line":177,"column":40}},"72":{"start":{"line":178,"column":2},"end":{"line":178,"column":32}},"73":{"start":{"line":184,"column":21},"end":{"line":186,"column":1}},"74":{"start":{"line":188,"column":0},"end":{"line":188,"column":145}}},"fnMap":{"0":{"name":"(anonymous_0)","decl":{"start":{"line":4,"column":18},"end":{"line":4,"column":19}},"loc":{"start":{"line":4,"column":32},"end":{"line":7,"column":1}},"line":4},"1":{"name":"(anonymous_1)","decl":{"start":{"line":9,"column":19},"end":{"line":9,"column":20}},"loc":{"start":{"line":9,"column":39},"end":{"line":47,"column":1}},"line":9},"2":{"name":"(anonymous_2)","decl":{"start":{"line":49,"column":17},"end":{"line":49,"column":18}},"loc":{"start":{"line":49,"column":31},"end":{"line":58,"column":1}},"line":49},"3":{"name":"(anonymous_3)","decl":{"start":{"line":60,"column":18},"end":{"line":60,"column":19}},"loc":{"start":{"line":60,"column":38},"end":{"line":102,"column":1}},"line":60},"4":{"name":"(anonymous_4)","decl":{"start":{"line":82,"column":28},"end":{"line":82,"column":29}},"loc":{"start":{"line":82,"column":49},"end":{"line":90,"column":11}},"line":82},"5":{"name":"(anonymous_5)","decl":{"start":{"line":83,"column":29},"end":{"line":83,"column":30}},"loc":{"start":{"line":83,"column":38},"end":{"line":89,"column":13}},"line":83},"6":{"name":"(anonymous_6)","decl":{"start":{"line":107,"column":21},"end":{"line":107,"column":22}},"loc":{"start":{"line":107,"column":35},"end":{"line":110,"column":1}},"line":107},"7":{"name":"(anonymous_7)","decl":{"start":{"line":114,"column":23},"end":{"line":114,"column":24}},"loc":{"start":{"line":114,"column":43},"end":{"line":143,"column":1}},"line":114},"8":{"name":"(anonymous_8)","decl":{"start":{"line":147,"column":20},"end":{"line":147,"column":21}},"loc":{"start":{"line":147,"column":34},"end":{"line":149,"column":1}},"line":147},"9":{"name":"(anonymous_9)","decl":{"start":{"line":152,"column":23},"end":{"line":152,"column":24}},"loc":{"start":{"line":152,"column":43},"end":{"line":171,"column":1}},"line":152},"10":{"name":"(anonymous_10)","decl":{"start":{"line":173,"column":18},"end":{"line":173,"column":19}},"loc":{"start":{"line":173,"column":37},"end":{"line":180,"column":1}},"line":173},"11":{"name":"(anonymous_11)","decl":{"start":{"line":184,"column":21},"end":{"line":184,"column":22}},"loc":{"start":{"line":184,"column":35},"end":{"line":186,"column":1}},"line":184}},"branchMap":{"0":{"loc":{"start":{"line":27,"column":2},"end":{"line":29,"column":3}},"type":"if","locations":[{"start":{"line":27,"column":2},"end":{"line":29,"column":3}},{"start":{},"end":{}}],"line":27},"1":{"loc":{"start":{"line":27,"column":6},"end":{"line":27,"column":72}},"type":"binary-expr","locations":[{"start":{"line":27,"column":6},"end":{"line":27,"column":37}},{"start":{"line":27,"column":41},"end":{"line":27,"column":72}}],"line":27},"2":{"loc":{"start":{"line":34,"column":4},"end":{"line":43,"column":5}},"type":"if","locations":[{"start":{"line":34,"column":4},"end":{"line":43,"column":5}},{"start":{"line":40,"column":11},"end":{"line":43,"column":5}}],"line":34},"3":{"loc":{"start":{"line":50,"column":2},"end":{"line":56,"column":3}},"type":"if","locations":[{"start":{"line":50,"column":2},"end":{"line":56,"column":3}},{"start":{"line":52,"column":9},"end":{"line":56,"column":3}}],"line":50},"4":{"loc":{"start":{"line":63,"column":2},"end":{"line":101,"column":3}},"type":"if","locations":[{"start":{"line":63,"column":2},"end":{"line":101,"column":3}},{"start":{"line":99,"column":9},"end":{"line":101,"column":3}}],"line":63},"5":{"loc":{"start":{"line":65,"column":4},"end":{"line":98,"column":5}},"type":"if","locations":[{"start":{"line":65,"column":4},"end":{"line":98,"column":5}},{"start":{"line":67,"column":11},"end":{"line":98,"column":5}}],"line":65},"6":{"loc":{"start":{"line":65,"column":8},"end":{"line":65,"column":74}},"type":"binary-expr","locations":[{"start":{"line":65,"column":8},"end":{"line":65,"column":39}},{"start":{"line":65,"column":43},"end":{"line":65,"column":74}}],"line":65},"7":{"loc":{"start":{"line":70,"column":6},"end":{"line":97,"column":7}},"type":"if","locations":[{"start":{"line":70,"column":6},"end":{"line":97,"column":7}},{"start":{"line":73,"column":13},"end":{"line":97,"column":7}}],"line":70},"8":{"loc":{"start":{"line":77,"column":8},"end":{"line":96,"column":9}},"type":"if","locations":[{"start":{"line":77,"column":8},"end":{"line":96,"column":9}},{"start":{"line":93,"column":15},"end":{"line":96,"column":9}}],"line":77},"9":{"loc":{"start":{"line":84,"column":14},"end":{"line":88,"column":15}},"type":"if","locations":[{"start":{"line":84,"column":14},"end":{"line":88,"column":15}},{"start":{"line":86,"column":21},"end":{"line":88,"column":15}}],"line":84},"10":{"loc":{"start":{"line":117,"column":2},"end":{"line":120,"column":3}},"type":"if","locations":[{"start":{"line":117,"column":2},"end":{"line":120,"column":3}},{"start":{},"end":{}}],"line":117},"11":{"loc":{"start":{"line":117,"column":6},"end":{"line":117,"column":69}},"type":"binary-expr","locations":[{"start":{"line":117,"column":6},"end":{"line":117,"column":24}},{"start":{"line":117,"column":28},"end":{"line":117,"column":47}},{"start":{"line":117,"column":51},"end":{"line":117,"column":69}}],"line":117},"12":{"loc":{"start":{"line":122,"column":2},"end":{"line":142,"column":3}},"type":"if","locations":[{"start":{"line":122,"column":2},"end":{"line":142,"column":3}},{"start":{"line":125,"column":9},"end":{"line":142,"column":3}}],"line":122},"13":{"loc":{"start":{"line":127,"column":4},"end":{"line":139,"column":4}},"type":"if","locations":[{"start":{"line":127,"column":4},"end":{"line":139,"column":4}},{"start":{"line":137,"column":11},"end":{"line":139,"column":4}}],"line":127},"14":{"loc":{"start":{"line":127,"column":8},"end":{"line":127,"column":92}},"type":"binary-expr","locations":[{"start":{"line":127,"column":8},"end":{"line":127,"column":49}},{"start":{"line":127,"column":53},"end":{"line":127,"column":92}}],"line":127},"15":{"loc":{"start":{"line":129,"column":6},"end":{"line":132,"column":7}},"type":"if","locations":[{"start":{"line":129,"column":6},"end":{"line":132,"column":7}},{"start":{},"end":{}}],"line":129},"16":{"loc":{"start":{"line":158,"column":2},"end":{"line":160,"column":3}},"type":"if","locations":[{"start":{"line":158,"column":2},"end":{"line":160,"column":3}},{"start":{},"end":{}}],"line":158},"17":{"loc":{"start":{"line":164,"column":2},"end":{"line":170,"column":3}},"type":"if","locations":[{"start":{"line":164,"column":2},"end":{"line":170,"column":3}},{"start":{"line":168,"column":9},"end":{"line":170,"column":3}}],"line":164}},"s":{"0":0,"1":0,"2":0,"3":0,"4":0,"5":0,"6":0,"7":0,"8":0,"9":0,"10":0,"11":0,"12":0,"13":0,"14":0,"15":0,"16":0,"17":0,"18":0,"19":0,"20":0,"21":0,"22":0,"23":0,"24":0,"25":0,"26":0,"27":0,"28":0,"29":0,"30":0,"31":0,"32":0,"33":0,"34":0,"35":0,"36":0,"37":0,"38":0,"39":0,"40":0,"41":0,"42":0,"43":0,"44":0,"45":0,"46":0,"47":0,"48":0,"49":0,"50":0,"51":0,"52":0,"53":0,"54":0,"55":0,"56":0,"57":0,"58":0,"59":0,"60":0,"61":0,"62":0,"63":0,"64":0,"65":0,"66":0,"67":0,"68":0,"69":0,"70":0,"71":0,"72":0,"73":0,"74":0},"f":{"0":0,"1":0,"2":0,"3":0,"4":0,"5":0,"6":0,"7":0,"8":0,"9":0,"10":0,"11":0},"b":{"0":[0,0],"1":[0,0],"2":[0,0],"3":[0,0],"4":[0,0],"5":[0,0],"6":[0,0],"7":[0,0],"8":[0,0],"9":[0,0],"10":[0,0],"11":[0,0,0],"12":[0,0],"13":[0,0],"14":[0,0],"15":[0,0],"16":[0,0],"17":[0,0]}}
,"/Users/vaan/Documents/HackReactor_Dan/BOC/Login-Server/server/lib/hashUtils.js": {"path":"/Users/vaan/Documents/HackReactor_Dan/BOC/Login-Server/server/lib/hashUtils.js","statementMap":{"0":{"start":{"line":1,"column":15},"end":{"line":1,"column":32}},"1":{"start":{"line":15,"column":1},"end":{"line":19,"column":2}},"2":{"start":{"line":16,"column":15},"end":{"line":16,"column":42}},"3":{"start":{"line":17,"column":2},"end":{"line":17,"column":33}},"4":{"start":{"line":18,"column":2},"end":{"line":18,"column":30}},"5":{"start":{"line":29,"column":0},"end":{"line":31,"column":2}},"6":{"start":{"line":30,"column":2},"end":{"line":30,"column":53}},"7":{"start":{"line":37,"column":0},"end":{"line":39,"column":2}},"8":{"start":{"line":38,"column":2},"end":{"line":38,"column":48}}},"fnMap":{"0":{"name":"(anonymous_0)","decl":{"start":{"line":15,"column":22},"end":{"line":15,"column":23}},"loc":{"start":{"line":15,"column":47},"end":{"line":19,"column":1}},"line":15},"1":{"name":"(anonymous_1)","decl":{"start":{"line":29,"column":22},"end":{"line":29,"column":23}},"loc":{"start":{"line":29,"column":51},"end":{"line":31,"column":1}},"line":29},"2":{"name":"(anonymous_2)","decl":{"start":{"line":37,"column":31},"end":{"line":37,"column":32}},"loc":{"start":{"line":37,"column":37},"end":{"line":39,"column":1}},"line":37}},"branchMap":{"0":{"loc":{"start":{"line":15,"column":33},"end":{"line":15,"column":42}},"type":"default-arg","locations":[{"start":{"line":15,"column":40},"end":{"line":15,"column":42}}],"line":15}},"s":{"0":1,"1":1,"2":2,"3":2,"4":2,"5":1,"6":1,"7":1,"8":0},"f":{"0":2,"1":1,"2":0},"b":{"0":[0]},"_coverageSchema":"1a1c01bbd47fc00a2c39e90264f33305004495a9","hash":"349ae0a7a16be93ceb2b7694e88841767ded6b18"}
,"/Users/vaan/Documents/HackReactor_Dan/BOC/Login-Server/server/model/index.js": {"path":"/Users/vaan/Documents/HackReactor_Dan/BOC/Login-Server/server/model/index.js","statementMap":{"0":{"start":{"line":1,"column":11},"end":{"line":1,"column":36}},"1":{"start":{"line":2,"column":14},"end":{"line":2,"column":41}},"2":{"start":{"line":5,"column":19},"end":{"line":25,"column":1}},"3":{"start":{"line":6,"column":17},"end":{"line":6,"column":35}},"4":{"start":{"line":7,"column":16},"end":{"line":7,"column":115}},"5":{"start":{"line":8,"column":13},"end":{"line":8,"column":41}},"6":{"start":{"line":9,"column":23},"end":{"line":9,"column":63}},"7":{"start":{"line":11,"column":16},"end":{"line":11,"column":207}},"8":{"start":{"line":13,"column":16},"end":{"line":16,"column":3}},"9":{"start":{"line":17,"column":2},"end":{"line":24,"column":3}},"10":{"start":{"line":18,"column":19},"end":{"line":18,"column":40}},"11":{"start":{"line":19,"column":4},"end":{"line":19,"column":26}},"12":{"start":{"line":21,"column":4},"end":{"line":21,"column":42}},"13":{"start":{"line":23,"column":4},"end":{"line":23,"column":21}},"14":{"start":{"line":27,"column":16},"end":{"line":45,"column":1}},"15":{"start":{"line":28,"column":17},"end":{"line":28,"column":35}},"16":{"start":{"line":29,"column":19},"end":{"line":29,"column":29}},"17":{"start":{"line":30,"column":16},"end":{"line":33,"column":3}},"18":{"start":{"line":34,"column":2},"end":{"line":44,"column":3}},"19":{"start":{"line":35,"column":19},"end":{"line":35,"column":40}},"20":{"start":{"line":36,"column":4},"end":{"line":38,"column":5}},"21":{"start":{"line":37,"column":6},"end":{"line":37,"column":18}},"22":{"start":{"line":39,"column":4},"end":{"line":39,"column":26}},"23":{"start":{"line":41,"column":4},"end":{"line":41,"column":45}},"24":{"start":{"line":43,"column":4},"end":{"line":43,"column":21}},"25":{"start":{"line":48,"column":20},"end":{"line":66,"column":1}},"26":{"start":{"line":49,"column":17},"end":{"line":49,"column":35}},"27":{"start":{"line":50,"column":19},"end":{"line":50,"column":23}},"28":{"start":{"line":51,"column":16},"end":{"line":54,"column":3}},"29":{"start":{"line":55,"column":2},"end":{"line":65,"column":3}},"30":{"start":{"line":56,"column":19},"end":{"line":56,"column":40}},"31":{"start":{"line":57,"column":4},"end":{"line":59,"column":5}},"32":{"start":{"line":58,"column":6},"end":{"line":58,"column":18}},"33":{"start":{"line":60,"column":4},"end":{"line":60,"column":26}},"34":{"start":{"line":62,"column":4},"end":{"line":62,"column":48}},"35":{"start":{"line":64,"column":4},"end":{"line":64,"column":21}},"36":{"start":{"line":68,"column":24},"end":{"line":71,"column":1}},"37":{"start":{"line":69,"column":2},"end":{"line":69,"column":59}},"38":{"start":{"line":76,"column":23},"end":{"line":94,"column":1}},"39":{"start":{"line":77,"column":17},"end":{"line":77,"column":35}},"40":{"start":{"line":80,"column":13},"end":{"line":80,"column":41}},"41":{"start":{"line":81,"column":23},"end":{"line":81,"column":58}},"42":{"start":{"line":82,"column":16},"end":{"line":85,"column":3}},"43":{"start":{"line":86,"column":2},"end":{"line":93,"column":3}},"44":{"start":{"line":87,"column":19},"end":{"line":87,"column":40}},"45":{"start":{"line":88,"column":4},"end":{"line":88,"column":75}},"46":{"start":{"line":90,"column":4},"end":{"line":90,"column":52}},"47":{"start":{"line":92,"column":4},"end":{"line":92,"column":21}},"48":{"start":{"line":99,"column":0},"end":{"line":99,"column":84}}},"fnMap":{"0":{"name":"(anonymous_0)","decl":{"start":{"line":5,"column":19},"end":{"line":5,"column":20}},"loc":{"start":{"line":5,"column":130},"end":{"line":25,"column":1}},"line":5},"1":{"name":"(anonymous_1)","decl":{"start":{"line":27,"column":16},"end":{"line":27,"column":17}},"loc":{"start":{"line":27,"column":38},"end":{"line":45,"column":1}},"line":27},"2":{"name":"(anonymous_2)","decl":{"start":{"line":48,"column":20},"end":{"line":48,"column":21}},"loc":{"start":{"line":48,"column":35},"end":{"line":66,"column":1}},"line":48},"3":{"name":"(anonymous_3)","decl":{"start":{"line":68,"column":24},"end":{"line":68,"column":25}},"loc":{"start":{"line":68,"column":58},"end":{"line":71,"column":1}},"line":68},"4":{"name":"(anonymous_4)","decl":{"start":{"line":76,"column":23},"end":{"line":76,"column":24}},"loc":{"start":{"line":76,"column":54},"end":{"line":94,"column":1}},"line":76}},"branchMap":{"0":{"loc":{"start":{"line":36,"column":4},"end":{"line":38,"column":5}},"type":"if","locations":[{"start":{"line":36,"column":4},"end":{"line":38,"column":5}},{"start":{},"end":{}}],"line":36},"1":{"loc":{"start":{"line":57,"column":4},"end":{"line":59,"column":5}},"type":"if","locations":[{"start":{"line":57,"column":4},"end":{"line":59,"column":5}},{"start":{},"end":{}}],"line":57}},"s":{"0":0,"1":0,"2":0,"3":0,"4":0,"5":0,"6":0,"7":0,"8":0,"9":0,"10":0,"11":0,"12":0,"13":0,"14":0,"15":0,"16":0,"17":0,"18":0,"19":0,"20":0,"21":0,"22":0,"23":0,"24":0,"25":0,"26":0,"27":0,"28":0,"29":0,"30":0,"31":0,"32":0,"33":0,"34":0,"35":0,"36":0,"37":0,"38":0,"39":0,"40":0,"41":0,"42":0,"43":0,"44":0,"45":0,"46":0,"47":0,"48":0},"f":{"0":0,"1":0,"2":0,"3":0,"4":0},"b":{"0":[0,0],"1":[0,0]}}
}
