{"/Users/vaan/Documents/HackReactor_Dan/BOC/Login-Server/server/app.js": {"path":"/Users/vaan/Documents/HackReactor_Dan/BOC/Login-Server/server/app.js","statementMap":{"0":{"start":{"line":1,"column":0},"end":{"line":1,"column":27}},"1":{"start":{"line":2,"column":16},"end":{"line":2,"column":34}},"2":{"start":{"line":3,"column":16},"end":{"line":3,"column":42}},"3":{"start":{"line":4,"column":18},"end":{"line":4,"column":55}},"4":{"start":{"line":6,"column":136},"end":{"line":6,"column":168}},"5":{"start":{"line":7,"column":15},"end":{"line":7,"column":46}},"6":{"start":{"line":16,"column":12},"end":{"line":16,"column":21}},"7":{"start":{"line":17,"column":0},"end":{"line":17,"column":24}},"8":{"start":{"line":18,"column":0},"end":{"line":18,"column":48}},"9":{"start":{"line":24,"column":0},"end":{"line":33,"column":4}},"10":{"start":{"line":35,"column":0},"end":{"line":35,"column":31}},"11":{"start":{"line":36,"column":0},"end":{"line":36,"column":32}},"12":{"start":{"line":37,"column":0},"end":{"line":37,"column":28}},"13":{"start":{"line":38,"column":0},"end":{"line":38,"column":29}},"14":{"start":{"line":39,"column":0},"end":{"line":39,"column":41}},"15":{"start":{"line":40,"column":0},"end":{"line":40,"column":44}},"16":{"start":{"line":42,"column":0},"end":{"line":42,"column":34}},"17":{"start":{"line":43,"column":0},"end":{"line":43,"column":44}},"18":{"start":{"line":45,"column":0},"end":{"line":45,"column":30}},"19":{"start":{"line":46,"column":0},"end":{"line":46,"column":35}},"20":{"start":{"line":50,"column":0},"end":{"line":50,"column":21}}},"fnMap":{},"branchMap":{},"s":{"0":0,"1":0,"2":0,"3":0,"4":0,"5":0,"6":0,"7":0,"8":0,"9":0,"10":0,"11":0,"12":0,"13":0,"14":0,"15":0,"16":0,"17":0,"18":0,"19":0,"20":0},"f":{},"b":{}}
,"/Users/vaan/Documents/HackReactor_Dan/BOC/Login-Server/server/controller/index.js": {"path":"/Users/vaan/Documents/HackReactor_Dan/BOC/Login-Server/server/controller/index.js","statementMap":{"0":{"start":{"line":1,"column":59},"end":{"line":1,"column":78}},"1":{"start":{"line":2,"column":22},"end":{"line":2,"column":52}},"2":{"start":{"line":5,"column":18},"end":{"line":8,"column":1}},"3":{"start":{"line":7,"column":2},"end":{"line":7,"column":40}},"4":{"start":{"line":10,"column":19},"end":{"line":48,"column":1}},"5":{"start":{"line":28,"column":2},"end":{"line":30,"column":3}},"6":{"start":{"line":29,"column":4},"end":{"line":29,"column":81}},"7":{"start":{"line":31,"column":21},"end":{"line":31,"column":29}},"8":{"start":{"line":33,"column":2},"end":{"line":47,"column":3}},"9":{"start":{"line":34,"column":19},"end":{"line":34,"column":44}},"10":{"start":{"line":35,"column":4},"end":{"line":44,"column":5}},"11":{"start":{"line":37,"column":19},"end":{"line":37,"column":45}},"12":{"start":{"line":40,"column":5},"end":{"line":40,"column":58}},"13":{"start":{"line":43,"column":5},"end":{"line":43,"column":137}},"14":{"start":{"line":46,"column":4},"end":{"line":46,"column":37}},"15":{"start":{"line":50,"column":17},"end":{"line":59,"column":1}},"16":{"start":{"line":51,"column":2},"end":{"line":57,"column":3}},"17":{"start":{"line":52,"column":4},"end":{"line":52,"column":51}},"18":{"start":{"line":55,"column":4},"end":{"line":55,"column":40}},"19":{"start":{"line":61,"column":18},"end":{"line":103,"column":1}},"20":{"start":{"line":64,"column":2},"end":{"line":102,"column":3}},"21":{"start":{"line":66,"column":4},"end":{"line":99,"column":5}},"22":{"start":{"line":67,"column":6},"end":{"line":67,"column":81}},"23":{"start":{"line":69,"column":33},"end":{"line":69,"column":41}},"24":{"start":{"line":70,"column":21},"end":{"line":70,"column":46}},"25":{"start":{"line":71,"column":6},"end":{"line":98,"column":7}},"26":{"start":{"line":73,"column":8},"end":{"line":73,"column":54}},"27":{"start":{"line":76,"column":19},"end":{"line":76,"column":32}},"28":{"start":{"line":77,"column":29},"end":{"line":77,"column":46}},"29":{"start":{"line":78,"column":8},"end":{"line":97,"column":9}},"30":{"start":{"line":80,"column":23},"end":{"line":80,"column":34}},"31":{"start":{"line":81,"column":10},"end":{"line":81,"column":38}},"32":{"start":{"line":83,"column":10},"end":{"line":91,"column":13}},"33":{"start":{"line":84,"column":12},"end":{"line":90,"column":15}},"34":{"start":{"line":85,"column":14},"end":{"line":89,"column":15}},"35":{"start":{"line":86,"column":16},"end":{"line":86,"column":28}},"36":{"start":{"line":88,"column":16},"end":{"line":88,"column":78}},"37":{"start":{"line":93,"column":10},"end":{"line":93,"column":63}},"38":{"start":{"line":96,"column":10},"end":{"line":96,"column":65}},"39":{"start":{"line":101,"column":4},"end":{"line":101,"column":48}},"40":{"start":{"line":108,"column":21},"end":{"line":111,"column":1}},"41":{"start":{"line":109,"column":2},"end":{"line":109,"column":49}},"42":{"start":{"line":115,"column":23},"end":{"line":144,"column":1}},"43":{"start":{"line":118,"column":2},"end":{"line":121,"column":3}},"44":{"start":{"line":119,"column":4},"end":{"line":119,"column":94}},"45":{"start":{"line":120,"column":4},"end":{"line":120,"column":11}},"46":{"start":{"line":122,"column":17},"end":{"line":122,"column":61}},"47":{"start":{"line":123,"column":2},"end":{"line":143,"column":3}},"48":{"start":{"line":125,"column":4},"end":{"line":125,"column":50}},"49":{"start":{"line":128,"column":4},"end":{"line":140,"column":4}},"50":{"start":{"line":130,"column":6},"end":{"line":133,"column":7}},"51":{"start":{"line":131,"column":8},"end":{"line":131,"column":77}},"52":{"start":{"line":132,"column":8},"end":{"line":132,"column":15}},"53":{"start":{"line":134,"column":6},"end":{"line":134,"column":62}},"54":{"start":{"line":135,"column":6},"end":{"line":135,"column":46}},"55":{"start":{"line":136,"column":6},"end":{"line":136,"column":62}},"56":{"start":{"line":139,"column":6},"end":{"line":139,"column":50}},"57":{"start":{"line":148,"column":20},"end":{"line":150,"column":1}},"58":{"start":{"line":149,"column":2},"end":{"line":149,"column":33}},"59":{"start":{"line":153,"column":23},"end":{"line":172,"column":1}},"60":{"start":{"line":159,"column":2},"end":{"line":161,"column":3}},"61":{"start":{"line":160,"column":4},"end":{"line":160,"column":66}},"62":{"start":{"line":163,"column":15},"end":{"line":163,"column":53}},"63":{"start":{"line":164,"column":13},"end":{"line":164,"column":44}},"64":{"start":{"line":165,"column":2},"end":{"line":171,"column":3}},"65":{"start":{"line":167,"column":4},"end":{"line":167,"column":55}},"66":{"start":{"line":168,"column":4},"end":{"line":168,"column":45}},"67":{"start":{"line":170,"column":4},"end":{"line":170,"column":61}},"68":{"start":{"line":174,"column":18},"end":{"line":181,"column":1}},"69":{"start":{"line":175,"column":24},"end":{"line":175,"column":35}},"70":{"start":{"line":176,"column":2},"end":{"line":176,"column":24}},"71":{"start":{"line":177,"column":2},"end":{"line":177,"column":33}},"72":{"start":{"line":178,"column":2},"end":{"line":178,"column":40}},"73":{"start":{"line":179,"column":2},"end":{"line":179,"column":32}},"74":{"start":{"line":185,"column":21},"end":{"line":187,"column":1}},"75":{"start":{"line":189,"column":0},"end":{"line":189,"column":145}}},"fnMap":{"0":{"name":"(anonymous_0)","decl":{"start":{"line":5,"column":18},"end":{"line":5,"column":19}},"loc":{"start":{"line":5,"column":32},"end":{"line":8,"column":1}},"line":5},"1":{"name":"(anonymous_1)","decl":{"start":{"line":10,"column":19},"end":{"line":10,"column":20}},"loc":{"start":{"line":10,"column":39},"end":{"line":48,"column":1}},"line":10},"2":{"name":"(anonymous_2)","decl":{"start":{"line":50,"column":17},"end":{"line":50,"column":18}},"loc":{"start":{"line":50,"column":31},"end":{"line":59,"column":1}},"line":50},"3":{"name":"(anonymous_3)","decl":{"start":{"line":61,"column":18},"end":{"line":61,"column":19}},"loc":{"start":{"line":61,"column":38},"end":{"line":103,"column":1}},"line":61},"4":{"name":"(anonymous_4)","decl":{"start":{"line":83,"column":28},"end":{"line":83,"column":29}},"loc":{"start":{"line":83,"column":49},"end":{"line":91,"column":11}},"line":83},"5":{"name":"(anonymous_5)","decl":{"start":{"line":84,"column":29},"end":{"line":84,"column":30}},"loc":{"start":{"line":84,"column":38},"end":{"line":90,"column":13}},"line":84},"6":{"name":"(anonymous_6)","decl":{"start":{"line":108,"column":21},"end":{"line":108,"column":22}},"loc":{"start":{"line":108,"column":35},"end":{"line":111,"column":1}},"line":108},"7":{"name":"(anonymous_7)","decl":{"start":{"line":115,"column":23},"end":{"line":115,"column":24}},"loc":{"start":{"line":115,"column":43},"end":{"line":144,"column":1}},"line":115},"8":{"name":"(anonymous_8)","decl":{"start":{"line":148,"column":20},"end":{"line":148,"column":21}},"loc":{"start":{"line":148,"column":34},"end":{"line":150,"column":1}},"line":148},"9":{"name":"(anonymous_9)","decl":{"start":{"line":153,"column":23},"end":{"line":153,"column":24}},"loc":{"start":{"line":153,"column":43},"end":{"line":172,"column":1}},"line":153},"10":{"name":"(anonymous_10)","decl":{"start":{"line":174,"column":18},"end":{"line":174,"column":19}},"loc":{"start":{"line":174,"column":37},"end":{"line":181,"column":1}},"line":174},"11":{"name":"(anonymous_11)","decl":{"start":{"line":185,"column":21},"end":{"line":185,"column":22}},"loc":{"start":{"line":185,"column":35},"end":{"line":187,"column":1}},"line":185}},"branchMap":{"0":{"loc":{"start":{"line":28,"column":2},"end":{"line":30,"column":3}},"type":"if","locations":[{"start":{"line":28,"column":2},"end":{"line":30,"column":3}},{"start":{},"end":{}}],"line":28},"1":{"loc":{"start":{"line":28,"column":6},"end":{"line":28,"column":72}},"type":"binary-expr","locations":[{"start":{"line":28,"column":6},"end":{"line":28,"column":37}},{"start":{"line":28,"column":41},"end":{"line":28,"column":72}}],"line":28},"2":{"loc":{"start":{"line":35,"column":4},"end":{"line":44,"column":5}},"type":"if","locations":[{"start":{"line":35,"column":4},"end":{"line":44,"column":5}},{"start":{"line":41,"column":11},"end":{"line":44,"column":5}}],"line":35},"3":{"loc":{"start":{"line":51,"column":2},"end":{"line":57,"column":3}},"type":"if","locations":[{"start":{"line":51,"column":2},"end":{"line":57,"column":3}},{"start":{"line":53,"column":9},"end":{"line":57,"column":3}}],"line":51},"4":{"loc":{"start":{"line":64,"column":2},"end":{"line":102,"column":3}},"type":"if","locations":[{"start":{"line":64,"column":2},"end":{"line":102,"column":3}},{"start":{"line":100,"column":9},"end":{"line":102,"column":3}}],"line":64},"5":{"loc":{"start":{"line":66,"column":4},"end":{"line":99,"column":5}},"type":"if","locations":[{"start":{"line":66,"column":4},"end":{"line":99,"column":5}},{"start":{"line":68,"column":11},"end":{"line":99,"column":5}}],"line":66},"6":{"loc":{"start":{"line":66,"column":8},"end":{"line":66,"column":74}},"type":"binary-expr","locations":[{"start":{"line":66,"column":8},"end":{"line":66,"column":39}},{"start":{"line":66,"column":43},"end":{"line":66,"column":74}}],"line":66},"7":{"loc":{"start":{"line":71,"column":6},"end":{"line":98,"column":7}},"type":"if","locations":[{"start":{"line":71,"column":6},"end":{"line":98,"column":7}},{"start":{"line":74,"column":13},"end":{"line":98,"column":7}}],"line":71},"8":{"loc":{"start":{"line":78,"column":8},"end":{"line":97,"column":9}},"type":"if","locations":[{"start":{"line":78,"column":8},"end":{"line":97,"column":9}},{"start":{"line":94,"column":15},"end":{"line":97,"column":9}}],"line":78},"9":{"loc":{"start":{"line":85,"column":14},"end":{"line":89,"column":15}},"type":"if","locations":[{"start":{"line":85,"column":14},"end":{"line":89,"column":15}},{"start":{"line":87,"column":21},"end":{"line":89,"column":15}}],"line":85},"10":{"loc":{"start":{"line":118,"column":2},"end":{"line":121,"column":3}},"type":"if","locations":[{"start":{"line":118,"column":2},"end":{"line":121,"column":3}},{"start":{},"end":{}}],"line":118},"11":{"loc":{"start":{"line":118,"column":6},"end":{"line":118,"column":69}},"type":"binary-expr","locations":[{"start":{"line":118,"column":6},"end":{"line":118,"column":24}},{"start":{"line":118,"column":28},"end":{"line":118,"column":47}},{"start":{"line":118,"column":51},"end":{"line":118,"column":69}}],"line":118},"12":{"loc":{"start":{"line":123,"column":2},"end":{"line":143,"column":3}},"type":"if","locations":[{"start":{"line":123,"column":2},"end":{"line":143,"column":3}},{"start":{"line":126,"column":9},"end":{"line":143,"column":3}}],"line":123},"13":{"loc":{"start":{"line":128,"column":4},"end":{"line":140,"column":4}},"type":"if","locations":[{"start":{"line":128,"column":4},"end":{"line":140,"column":4}},{"start":{"line":138,"column":11},"end":{"line":140,"column":4}}],"line":128},"14":{"loc":{"start":{"line":128,"column":8},"end":{"line":128,"column":92}},"type":"binary-expr","locations":[{"start":{"line":128,"column":8},"end":{"line":128,"column":49}},{"start":{"line":128,"column":53},"end":{"line":128,"column":92}}],"line":128},"15":{"loc":{"start":{"line":130,"column":6},"end":{"line":133,"column":7}},"type":"if","locations":[{"start":{"line":130,"column":6},"end":{"line":133,"column":7}},{"start":{},"end":{}}],"line":130},"16":{"loc":{"start":{"line":159,"column":2},"end":{"line":161,"column":3}},"type":"if","locations":[{"start":{"line":159,"column":2},"end":{"line":161,"column":3}},{"start":{},"end":{}}],"line":159},"17":{"loc":{"start":{"line":165,"column":2},"end":{"line":171,"column":3}},"type":"if","locations":[{"start":{"line":165,"column":2},"end":{"line":171,"column":3}},{"start":{"line":169,"column":9},"end":{"line":171,"column":3}}],"line":165}},"s":{"0":0,"1":0,"2":0,"3":0,"4":0,"5":0,"6":0,"7":0,"8":0,"9":0,"10":0,"11":0,"12":0,"13":0,"14":0,"15":0,"16":0,"17":0,"18":0,"19":0,"20":0,"21":0,"22":0,"23":0,"24":0,"25":0,"26":0,"27":0,"28":0,"29":0,"30":0,"31":0,"32":0,"33":0,"34":0,"35":0,"36":0,"37":0,"38":0,"39":0,"40":0,"41":0,"42":0,"43":0,"44":0,"45":0,"46":0,"47":0,"48":0,"49":0,"50":0,"51":0,"52":0,"53":0,"54":0,"55":0,"56":0,"57":0,"58":0,"59":0,"60":0,"61":0,"62":0,"63":0,"64":0,"65":0,"66":0,"67":0,"68":0,"69":0,"70":0,"71":0,"72":0,"73":0,"74":0,"75":0},"f":{"0":0,"1":0,"2":0,"3":0,"4":0,"5":0,"6":0,"7":0,"8":0,"9":0,"10":0,"11":0},"b":{"0":[0,0],"1":[0,0],"2":[0,0],"3":[0,0],"4":[0,0],"5":[0,0],"6":[0,0],"7":[0,0],"8":[0,0],"9":[0,0],"10":[0,0],"11":[0,0,0],"12":[0,0],"13":[0,0],"14":[0,0],"15":[0,0],"16":[0,0],"17":[0,0]}}
,"/Users/vaan/Documents/HackReactor_Dan/BOC/Login-Server/server/lib/hashUtils.js": {"path":"/Users/vaan/Documents/HackReactor_Dan/BOC/Login-Server/server/lib/hashUtils.js","statementMap":{"0":{"start":{"line":1,"column":15},"end":{"line":1,"column":32}},"1":{"start":{"line":15,"column":1},"end":{"line":19,"column":2}},"2":{"start":{"line":16,"column":15},"end":{"line":16,"column":42}},"3":{"start":{"line":17,"column":2},"end":{"line":17,"column":33}},"4":{"start":{"line":18,"column":2},"end":{"line":18,"column":30}},"5":{"start":{"line":29,"column":0},"end":{"line":31,"column":2}},"6":{"start":{"line":30,"column":2},"end":{"line":30,"column":53}},"7":{"start":{"line":37,"column":0},"end":{"line":39,"column":2}},"8":{"start":{"line":38,"column":2},"end":{"line":38,"column":48}}},"fnMap":{"0":{"name":"(anonymous_0)","decl":{"start":{"line":15,"column":22},"end":{"line":15,"column":23}},"loc":{"start":{"line":15,"column":47},"end":{"line":19,"column":1}},"line":15},"1":{"name":"(anonymous_1)","decl":{"start":{"line":29,"column":22},"end":{"line":29,"column":23}},"loc":{"start":{"line":29,"column":51},"end":{"line":31,"column":1}},"line":29},"2":{"name":"(anonymous_2)","decl":{"start":{"line":37,"column":31},"end":{"line":37,"column":32}},"loc":{"start":{"line":37,"column":37},"end":{"line":39,"column":1}},"line":37}},"branchMap":{"0":{"loc":{"start":{"line":15,"column":33},"end":{"line":15,"column":42}},"type":"default-arg","locations":[{"start":{"line":15,"column":40},"end":{"line":15,"column":42}}],"line":15}},"s":{"0":2,"1":2,"2":2,"3":2,"4":2,"5":2,"6":1,"7":2,"8":1},"f":{"0":2,"1":1,"2":1},"b":{"0":[0]},"_coverageSchema":"1a1c01bbd47fc00a2c39e90264f33305004495a9","hash":"349ae0a7a16be93ceb2b7694e88841767ded6b18"}
,"/Users/vaan/Documents/HackReactor_Dan/BOC/Login-Server/server/model/index.js": {"path":"/Users/vaan/Documents/HackReactor_Dan/BOC/Login-Server/server/model/index.js","statementMap":{"0":{"start":{"line":1,"column":11},"end":{"line":1,"column":36}},"1":{"start":{"line":2,"column":14},"end":{"line":2,"column":41}},"2":{"start":{"line":5,"column":19},"end":{"line":25,"column":1}},"3":{"start":{"line":6,"column":17},"end":{"line":6,"column":35}},"4":{"start":{"line":7,"column":16},"end":{"line":7,"column":115}},"5":{"start":{"line":8,"column":13},"end":{"line":8,"column":41}},"6":{"start":{"line":9,"column":23},"end":{"line":9,"column":63}},"7":{"start":{"line":11,"column":16},"end":{"line":11,"column":207}},"8":{"start":{"line":13,"column":16},"end":{"line":16,"column":3}},"9":{"start":{"line":17,"column":2},"end":{"line":24,"column":3}},"10":{"start":{"line":18,"column":19},"end":{"line":18,"column":40}},"11":{"start":{"line":19,"column":4},"end":{"line":19,"column":26}},"12":{"start":{"line":21,"column":4},"end":{"line":21,"column":42}},"13":{"start":{"line":23,"column":4},"end":{"line":23,"column":21}},"14":{"start":{"line":27,"column":16},"end":{"line":45,"column":1}},"15":{"start":{"line":28,"column":17},"end":{"line":28,"column":35}},"16":{"start":{"line":29,"column":19},"end":{"line":29,"column":29}},"17":{"start":{"line":30,"column":16},"end":{"line":33,"column":3}},"18":{"start":{"line":34,"column":2},"end":{"line":44,"column":3}},"19":{"start":{"line":35,"column":19},"end":{"line":35,"column":40}},"20":{"start":{"line":36,"column":4},"end":{"line":38,"column":5}},"21":{"start":{"line":37,"column":6},"end":{"line":37,"column":18}},"22":{"start":{"line":39,"column":4},"end":{"line":39,"column":26}},"23":{"start":{"line":41,"column":4},"end":{"line":41,"column":45}},"24":{"start":{"line":43,"column":4},"end":{"line":43,"column":21}},"25":{"start":{"line":48,"column":20},"end":{"line":66,"column":1}},"26":{"start":{"line":49,"column":17},"end":{"line":49,"column":35}},"27":{"start":{"line":50,"column":19},"end":{"line":50,"column":23}},"28":{"start":{"line":51,"column":16},"end":{"line":54,"column":3}},"29":{"start":{"line":55,"column":2},"end":{"line":65,"column":3}},"30":{"start":{"line":56,"column":19},"end":{"line":56,"column":40}},"31":{"start":{"line":57,"column":4},"end":{"line":59,"column":5}},"32":{"start":{"line":58,"column":6},"end":{"line":58,"column":18}},"33":{"start":{"line":60,"column":4},"end":{"line":60,"column":26}},"34":{"start":{"line":62,"column":4},"end":{"line":62,"column":48}},"35":{"start":{"line":64,"column":4},"end":{"line":64,"column":21}},"36":{"start":{"line":72,"column":23},"end":{"line":90,"column":1}},"37":{"start":{"line":73,"column":17},"end":{"line":73,"column":35}},"38":{"start":{"line":76,"column":13},"end":{"line":76,"column":41}},"39":{"start":{"line":77,"column":23},"end":{"line":77,"column":58}},"40":{"start":{"line":78,"column":16},"end":{"line":81,"column":3}},"41":{"start":{"line":82,"column":2},"end":{"line":89,"column":3}},"42":{"start":{"line":83,"column":19},"end":{"line":83,"column":40}},"43":{"start":{"line":84,"column":4},"end":{"line":84,"column":75}},"44":{"start":{"line":86,"column":4},"end":{"line":86,"column":52}},"45":{"start":{"line":88,"column":4},"end":{"line":88,"column":21}},"46":{"start":{"line":95,"column":0},"end":{"line":95,"column":67}}},"fnMap":{"0":{"name":"(anonymous_0)","decl":{"start":{"line":5,"column":19},"end":{"line":5,"column":20}},"loc":{"start":{"line":5,"column":130},"end":{"line":25,"column":1}},"line":5},"1":{"name":"(anonymous_1)","decl":{"start":{"line":27,"column":16},"end":{"line":27,"column":17}},"loc":{"start":{"line":27,"column":38},"end":{"line":45,"column":1}},"line":27},"2":{"name":"(anonymous_2)","decl":{"start":{"line":48,"column":20},"end":{"line":48,"column":21}},"loc":{"start":{"line":48,"column":35},"end":{"line":66,"column":1}},"line":48},"3":{"name":"(anonymous_3)","decl":{"start":{"line":72,"column":23},"end":{"line":72,"column":24}},"loc":{"start":{"line":72,"column":54},"end":{"line":90,"column":1}},"line":72}},"branchMap":{"0":{"loc":{"start":{"line":36,"column":4},"end":{"line":38,"column":5}},"type":"if","locations":[{"start":{"line":36,"column":4},"end":{"line":38,"column":5}},{"start":{},"end":{}}],"line":36},"1":{"loc":{"start":{"line":57,"column":4},"end":{"line":59,"column":5}},"type":"if","locations":[{"start":{"line":57,"column":4},"end":{"line":59,"column":5}},{"start":{},"end":{}}],"line":57}},"s":{"0":1,"1":1,"2":1,"3":2,"4":2,"5":2,"6":2,"7":2,"8":2,"9":2,"10":2,"11":1,"12":1,"13":2,"14":1,"15":0,"16":0,"17":0,"18":0,"19":0,"20":0,"21":0,"22":0,"23":0,"24":0,"25":1,"26":0,"27":0,"28":0,"29":0,"30":0,"31":0,"32":0,"33":0,"34":0,"35":0,"36":1,"37":0,"38":0,"39":0,"40":0,"41":0,"42":0,"43":0,"44":0,"45":0,"46":1},"f":{"0":2,"1":0,"2":0,"3":0},"b":{"0":[0,0],"1":[0,0]},"_coverageSchema":"1a1c01bbd47fc00a2c39e90264f33305004495a9","hash":"3035cd45011f62dfe23f9a8f543575a3dd9cda0a"}
}
